<?xml version="1.0" encoding="UTF-8"?>
<!-- Generated by org.testng.reporters.JUnitXMLReporter -->
<testsuite ignored="0" hostname="lenovo-PC" failures="15" tests="33" name="restassured" time="73.363" errors="0" timestamp="23 Sep 2019 18:31:55 GMT">
  <testcase classname="com.employeeapi.testcases.TC001_GET_ALL_EMPLOYEES" name="checResponseBody" time="0.105"/>
  <testcase classname="com.employeeapi.testcases.TC001_GET_ALL_EMPLOYEES" name="checkContentEncoding" time="0.002"/>
  <testcase classname="com.employeeapi.testcases.TC001_GET_ALL_EMPLOYEES" name="checkContentLength" time="0.002">
    <failure type="java.lang.NumberFormatException" message="null">
      <![CDATA[java.lang.NumberFormatException: null
	at java.base/java.lang.Integer.parseInt(Integer.java:614)
	at java.base/java.lang.Integer.parseInt(Integer.java:770)
	at com.employeeapi.testcases.TC001_GET_ALL_EMPLOYEES.checkContentLength(TC001_GET_ALL_EMPLOYEES.java:66)
... Removed 25 stack frames]]>
    </failure>
  </testcase> <!-- checkContentLength -->
  <testcase classname="com.employeeapi.testcases.TC001_GET_ALL_EMPLOYEES" name="checkCookies" time="0.003"/>
  <testcase classname="com.employeeapi.testcases.TC001_GET_ALL_EMPLOYEES" name="checkResponseTime" time="0.002">
    <failure type="java.lang.AssertionError">
      <![CDATA[java.lang.AssertionError
	at org.junit.Assert.fail(Assert.java:92)
	at org.junit.Assert.assertTrue(Assert.java:43)
	at org.junit.Assert.assertTrue(Assert.java:54)
	at com.employeeapi.testcases.TC001_GET_ALL_EMPLOYEES.checkResponseTime(TC001_GET_ALL_EMPLOYEES.java:49)
... Removed 25 stack frames]]>
    </failure>
  </testcase> <!-- checkResponseTime -->
  <testcase classname="com.employeeapi.testcases.TC001_GET_ALL_EMPLOYEES" name="checkServerType" time="0.002"/>
  <testcase classname="com.employeeapi.testcases.TC001_GET_ALL_EMPLOYEES" name="checkStatusCode" time="0.002"/>
  <testcase classname="com.employeeapi.testcases.TC001_GET_ALL_EMPLOYEES" name="checkStatusLine" time="0.002"/>
  <testcase classname="com.employeeapi.testcases.TC002_GET_SINGLE_EMPLOYEE_RECORD" name="checkContentEncoding" time="0.005"/>
  <testcase classname="com.employeeapi.testcases.TC002_GET_SINGLE_EMPLOYEE_RECORD" name="checkContentLength" time="0.004"/>
  <testcase classname="com.employeeapi.testcases.TC002_GET_SINGLE_EMPLOYEE_RECORD" name="checkCookies" time="0.002"/>
  <testcase classname="com.employeeapi.testcases.TC002_GET_SINGLE_EMPLOYEE_RECORD" name="checkResponseTime" time="0.002"/>
  <testcase classname="com.employeeapi.testcases.TC002_GET_SINGLE_EMPLOYEE_RECORD" name="checkServerType" time="0.004"/>
  <testcase classname="com.employeeapi.testcases.TC002_GET_SINGLE_EMPLOYEE_RECORD" name="checkStatusCode" time="0.003">
    <failure type="java.lang.AssertionError" message="expected:&amp;lt;200&amp;gt; but was:&amp;lt;404&amp;gt;">
      <![CDATA[java.lang.AssertionError: expected:<200> but was:<404>
	at org.junit.Assert.fail(Assert.java:93)
	at org.junit.Assert.failNotEquals(Assert.java:647)
	at org.junit.Assert.assertEquals(Assert.java:128)
	at org.junit.Assert.assertEquals(Assert.java:472)
	at org.junit.Assert.assertEquals(Assert.java:456)
	at com.employeeapi.testcases.TC002_GET_SINGLE_EMPLOYEE_RECORD.checkStatusCode(TC002_GET_SINGLE_EMPLOYEE_RECORD.java:42)
... Removed 25 stack frames]]>
    </failure>
  </testcase> <!-- checkStatusCode -->
  <testcase classname="com.employeeapi.testcases.TC002_GET_SINGLE_EMPLOYEE_RECORD" name="checkStatusLine" time="0.002">
    <failure type="org.junit.ComparisonFailure" message="expected:&amp;lt;HTTP/1.1 [200 OK]&amp;gt; but was:&amp;lt;HTTP/1.1 [404 Not Found]&amp;gt;">
      <![CDATA[org.junit.ComparisonFailure: expected:<HTTP/1.1 [200 OK]> but was:<HTTP/1.1 [404 Not Found]>
	at org.junit.Assert.assertEquals(Assert.java:125)
	at org.junit.Assert.assertEquals(Assert.java:147)
	at com.employeeapi.testcases.TC002_GET_SINGLE_EMPLOYEE_RECORD.checkStatusLine(TC002_GET_SINGLE_EMPLOYEE_RECORD.java:62)
... Removed 25 stack frames]]>
    </failure>
  </testcase> <!-- checkStatusLine -->
  <testcase classname="com.employeeapi.testcases.TC002_GET_SINGLE_EMPLOYEE_RECORD" name="getResponseBody" time="0.05">
    <failure type="java.lang.AssertionError">
      <![CDATA[java.lang.AssertionError
	at org.junit.Assert.fail(Assert.java:92)
	at org.junit.Assert.assertTrue(Assert.java:43)
	at org.junit.Assert.assertTrue(Assert.java:54)
	at com.employeeapi.testcases.TC002_GET_SINGLE_EMPLOYEE_RECORD.getResponseBody(TC002_GET_SINGLE_EMPLOYEE_RECORD.java:34)
... Removed 25 stack frames]]>
    </failure>
  </testcase> <!-- getResponseBody -->
  <testcase classname="com.employeeapi.testcases.TC003_POST_EMPLOYEES_RECORD" name="checkContentEncoding" time="0.005">
    <failure type="java.lang.AssertionError" message="expected [gzip] but found [null]">
      <![CDATA[java.lang.AssertionError: expected [gzip] but found [null]
	at com.employeeapi.testcases.TC003_POST_EMPLOYEES_RECORD.checkContentEncoding(TC003_POST_EMPLOYEES_RECORD.java:80)
... Removed 31 stack frames]]>
    </failure>
  </testcase> <!-- checkContentEncoding -->
  <testcase classname="com.employeeapi.testcases.TC003_POST_EMPLOYEES_RECORD" name="checkContentType" time="0.003">
    <failure type="java.lang.AssertionError" message="expected [text/html;charset=UTF-8] but found [text/html; charset=UTF-8]">
      <![CDATA[java.lang.AssertionError: expected [text/html;charset=UTF-8] but found [text/html; charset=UTF-8]
	at com.employeeapi.testcases.TC003_POST_EMPLOYEES_RECORD.checkContentType(TC003_POST_EMPLOYEES_RECORD.java:66)
... Removed 31 stack frames]]>
    </failure>
  </testcase> <!-- checkContentType -->
  <testcase classname="com.employeeapi.testcases.TC003_POST_EMPLOYEES_RECORD" name="checkResponseBody" time="0.003"/>
  <testcase classname="com.employeeapi.testcases.TC003_POST_EMPLOYEES_RECORD" name="checkServerType" time="0.003">
    <failure type="java.lang.AssertionError" message="expected [Apache] but found [null]">
      <![CDATA[java.lang.AssertionError: expected [Apache] but found [null]
	at com.employeeapi.testcases.TC003_POST_EMPLOYEES_RECORD.checkServerType(TC003_POST_EMPLOYEES_RECORD.java:73)
... Removed 31 stack frames]]>
    </failure>
  </testcase> <!-- checkServerType -->
  <testcase classname="com.employeeapi.testcases.TC003_POST_EMPLOYEES_RECORD" name="checkStatusCode" time="0.006"/>
  <testcase classname="com.employeeapi.testcases.TC003_POST_EMPLOYEES_RECORD" name="checkStatusLine" time="0.002"/>
  <testcase classname="com.employeeapi.testcases.TC004_PUT_EMPLOYEES_RECORD" name="checkContentEncoding" time="0.006"/>
  <testcase classname="com.employeeapi.testcases.TC004_PUT_EMPLOYEES_RECORD" name="checkContentType" time="0.001"/>
  <testcase classname="com.employeeapi.testcases.TC004_PUT_EMPLOYEES_RECORD" name="checkResponseBody" time="0.003">
    <failure type="java.lang.AssertionError" message="expected [true] but found [false]">
      <![CDATA[java.lang.AssertionError: expected [true] but found [false]
	at com.employeeapi.testcases.TC004_PUT_EMPLOYEES_RECORD.checkResponseBody(TC004_PUT_EMPLOYEES_RECORD.java:40)
... Removed 31 stack frames]]>
    </failure>
  </testcase> <!-- checkResponseBody -->
  <testcase classname="com.employeeapi.testcases.TC004_PUT_EMPLOYEES_RECORD" name="checkServerType" time="0.006">
    <failure type="java.lang.AssertionError" message="expected [Apache] but found [null]">
      <![CDATA[java.lang.AssertionError: expected [Apache] but found [null]
	at com.employeeapi.testcases.TC004_PUT_EMPLOYEES_RECORD.checkServerType(TC004_PUT_EMPLOYEES_RECORD.java:67)
... Removed 31 stack frames]]>
    </failure>
  </testcase> <!-- checkServerType -->
  <testcase classname="com.employeeapi.testcases.TC004_PUT_EMPLOYEES_RECORD" name="checkStatusCode" time="0.002"/>
  <testcase classname="com.employeeapi.testcases.TC004_PUT_EMPLOYEES_RECORD" name="checkStatusLine" time="0.004"/>
  <testcase classname="com.employeeapi.testcases.TC005_PUT_EMPLOYEES_RECORD" name="checkContentEncoding" time="0.002">
    <failure type="java.lang.AssertionError" message="expected [gzip] but found [null]">
      <![CDATA[java.lang.AssertionError: expected [gzip] but found [null]
	at com.employeeapi.testcases.TC005_PUT_EMPLOYEES_RECORD.checkContentEncoding(TC005_PUT_EMPLOYEES_RECORD.java:64)
... Removed 31 stack frames]]>
    </failure>
  </testcase> <!-- checkContentEncoding -->
  <testcase classname="com.employeeapi.testcases.TC005_PUT_EMPLOYEES_RECORD" name="checkContentType" time="0.008">
    <failure type="java.lang.AssertionError" message="expected [text/html;charset=UTF-8] but found [text/html; charset=UTF-8]">
      <![CDATA[java.lang.AssertionError: expected [text/html;charset=UTF-8] but found [text/html; charset=UTF-8]
	at com.employeeapi.testcases.TC005_PUT_EMPLOYEES_RECORD.checkContentType(TC005_PUT_EMPLOYEES_RECORD.java:50)
... Removed 31 stack frames]]>
    </failure>
  </testcase> <!-- checkContentType -->
  <testcase classname="com.employeeapi.testcases.TC005_PUT_EMPLOYEES_RECORD" name="checkServerType" time="0.003">
    <failure type="java.lang.AssertionError" message="expected [Apache] but found [null]">
      <![CDATA[java.lang.AssertionError: expected [Apache] but found [null]
	at com.employeeapi.testcases.TC005_PUT_EMPLOYEES_RECORD.checkServerType(TC005_PUT_EMPLOYEES_RECORD.java:57)
... Removed 31 stack frames]]>
    </failure>
  </testcase> <!-- checkServerType -->
  <testcase classname="com.employeeapi.testcases.TC005_PUT_EMPLOYEES_RECORD" name="checkStatusCode" time="0.001">
    <failure type="java.lang.AssertionError" message="expected [405] but found [200]">
      <![CDATA[java.lang.AssertionError: expected [405] but found [200]
	at com.employeeapi.testcases.TC005_PUT_EMPLOYEES_RECORD.checkStatusCode(TC005_PUT_EMPLOYEES_RECORD.java:38)
... Removed 31 stack frames]]>
    </failure>
  </testcase> <!-- checkStatusCode -->
  <testcase classname="com.employeeapi.testcases.TC005_PUT_EMPLOYEES_RECORD" name="checkStatusLine" time="0.001">
    <failure type="java.lang.AssertionError" message="expected [HTTP/1.1 405 Method Not Allowed] but found [HTTP/1.1 200 OK]">
      <![CDATA[java.lang.AssertionError: expected [HTTP/1.1 405 Method Not Allowed] but found [HTTP/1.1 200 OK]
	at com.employeeapi.testcases.TC005_PUT_EMPLOYEES_RECORD.checkStatusLine(TC005_PUT_EMPLOYEES_RECORD.java:44)
... Removed 31 stack frames]]>
    </failure>
  </testcase> <!-- checkStatusLine -->
</testsuite> <!-- restassured -->
